#
# A fatal error has been detected by the Java Runtime Environment:
#
#  EXCEPTION_ACCESS_VIOLATION (0xc0000005) at pc=0x000000007322c750, pid=82088, tid=82688
#
# JRE version: 6.0_17-b04
# Java VM: Java HotSpot(TM) 64-Bit Server VM (14.3-b01 mixed mode windows-amd64 )
# Problematic frame:
# C  0x000000007322c750
#
# If you would like to submit a bug report, please visit:
#   http://java.sun.com/webapps/bugreport/crash.jsp
# The crash happened outside the Java Virtual Machine in native code.
# See problematic frame for where to report the bug.
#

---------------  T H R E A D  ---------------

Current thread (0x000000000e8d2800):  JavaThread "AWT-EventQueue-0" [_thread_in_native, id=82688, stack(0x000000000d730000,0x000000000d7b0000)]

siginfo: ExceptionCode=0xc0000005, reading address 0x0000000000000008

Registers:
EAX=0x000000000000000d, EBX=0x000000000e8d29b8, ECX=0x0000000000000000, EDX=0x000000006c010dfa
ESP=0x000000000d7add28, EBP=0x000000000e1af450, ESI=0x000000000e8d29b8, EDI=0x000000000efad020
EIP=0x000000007322c750, EFLAGS=0x0000000000010202

Top of Stack: (sp=0x000000000d7add28)
0x000000000d7add28:   00000000731d589c 0000000000000000
0x000000000d7add38:   000000000e8d29b8 000000000e1af450
0x000000000d7add48:   000000000e8d29b8 0000000035979908
0x000000000d7add58:   000000000e8d29b8 000000003b8e46c0
0x000000000d7add68:   00000000731b3810 000000000e8d29b8
0x000000000d7add78:   000000000d7ae448 000000000d7ae4c0
0x000000000d7add88:   000000000e1af450 000000004bbbd838
0x000000000d7add98:   00000000731d2151 000000194bbbde18
0x000000000d7adda8:   000000000d7ae4b8 000000004bbbe6b8
0x000000000d7addb8:   000000000d7ae4c0 0000000000000000
0x000000000d7addc8:   0000000000000001 0000000000000019
0x000000000d7addd8:   0000000000000000 0000000000000001
0x000000000d7adde8:   0000000035979934 000000000d7ade58
0x000000000d7addf8:   00000000353e5ac2 00000000353e5ac2
0x000000000d7ade08:   000000004bbbd620 00000000411106f0
0x000000000d7ade18:   000000000d7ade18 00000000395a4977 

Instructions: (pc=0x000000007322c750)
0x000000007322c740:   48 8b 41 08 48 8b 80 18 0c 00 00 c3 cc cc cc cc
0x000000007322c750:   48 8b 49 08 48 85 c9 74 05 e9 72 f6 fd ff 33 c0 


Stack: [0x000000000d730000,0x000000000d7b0000],  sp=0x000000000d7add28,  free space=503k
Native frames: (J=compiled Java code, j=interpreted, Vv=VM code, C=native code)
C  0x000000007322c750

Java frames: (J=compiled Java code, j=interpreted, Vv=VM code)
j  sun.java2d.windows.GDIBlitLoops.nativeBlit(Lsun/java2d/SurfaceData;Lsun/java2d/SurfaceData;Lsun/java2d/pipe/Region;IIIIIIIIIZ)V+0
j  sun.java2d.windows.GDIBlitLoops.Blit(Lsun/java2d/SurfaceData;Lsun/java2d/SurfaceData;Ljava/awt/Composite;Lsun/java2d/pipe/Region;IIIIII)V+33
J  sun.java2d.pipe.DrawImage.renderImageCopy(Lsun/java2d/SunGraphics2D;Ljava/awt/Image;Ljava/awt/Color;IIIIII)Z
J  sun.java2d.pipe.DrawImage.copyImage(Lsun/java2d/SunGraphics2D;Ljava/awt/Image;IILjava/awt/Color;Ljava/awt/image/ImageObserver;)Z
J  javax.swing.RepaintManager$PaintManager.paintDoubleBuffered(Ljavax/swing/JComponent;Ljava/awt/Image;Ljava/awt/Graphics;IIII)V
J  javax.swing.RepaintManager$PaintManager.paint(Ljavax/swing/JComponent;Ljavax/swing/JComponent;Ljava/awt/Graphics;IIII)Z
j  javax.swing.BufferStrategyPaintManager.paint(Ljavax/swing/JComponent;Ljavax/swing/JComponent;Ljava/awt/Graphics;IIII)Z+224
J  javax.swing.JComponent.paint(Ljava/awt/Graphics;)V
j  java.awt.GraphicsCallback$PaintCallback.run(Ljava/awt/Component;Ljava/awt/Graphics;)V+2
j  sun.awt.SunGraphicsCallback.runOneComponent(Ljava/awt/Component;Ljava/awt/Rectangle;Ljava/awt/Graphics;Ljava/awt/Shape;I)V+155
j  sun.awt.SunGraphicsCallback.runComponents([Ljava/awt/Component;Ljava/awt/Graphics;I)V+104
j  java.awt.Container.paint(Ljava/awt/Graphics;)V+73
J  javax.swing.RepaintManager.paintDirtyRegions(Ljava/util/Map;)V
j  javax.swing.RepaintManager.paintDirtyRegions()V+46
j  javax.swing.RepaintManager.seqPaintDirtyRegions()V+73
j  javax.swing.SystemEventQueueUtilities$ComponentWorkRequest.run()V+36
J  java.awt.EventDispatchThread.pumpOneEventForFilters(I)Z
J  java.awt.EventDispatchThread.pumpEventsForFilter(ILjava/awt/Conditional;Ljava/awt/EventFilter;)V
j  java.awt.EventDispatchThread.pumpEventsForHierarchy(ILjava/awt/Conditional;Ljava/awt/Component;)V+11
j  java.awt.EventDispatchThread.pumpEvents(ILjava/awt/Conditional;)V+4
j  java.awt.EventDispatchThread.pumpEvents(Ljava/awt/Conditional;)V+3
j  java.awt.EventDispatchThread.run()V+9
v  ~StubRoutines::call_stub

---------------  P R O C E S S  ---------------

Java Threads: ( => current thread )
  0x000000000edb2800 JavaThread "Image Fetcher 3" daemon [_thread_blocked, id=122968, stack(0x0000000012ad0000,0x0000000012b50000)]
  0x000000000edae800 JavaThread "Image Fetcher 2" daemon [_thread_blocked, id=123540, stack(0x0000000011730000,0x00000000117b0000)]
  0x000000000edb0000 JavaThread "Image Fetcher 1" daemon [_thread_blocked, id=5264, stack(0x0000000010e60000,0x0000000010ee0000)]
  0x000000000edb1800 JavaThread "Image Fetcher 0" daemon [_thread_blocked, id=79864, stack(0x0000000010f60000,0x0000000010fe0000)]
  0x000000000e8dc800 JavaThread "Code Analyzer updating thread" [_thread_blocked, id=66052, stack(0x0000000012a20000,0x0000000012aa0000)]
  0x000000000e8d9800 JavaThread "Code Analyzer updating thread" [_thread_blocked, id=16584, stack(0x00000000128d0000,0x0000000012950000)]
  0x000000000e8da800 JavaThread "Code Analyzer updating thread" [_thread_blocked, id=7748, stack(0x0000000012950000,0x00000000129d0000)]
  0x000000000e8d8000 JavaThread "Code Analyzer updating thread" [_thread_blocked, id=37388, stack(0x0000000011320000,0x00000000113a0000)]
  0x000000000edb2000 JavaThread "pool-6-thread-1" [_thread_blocked, id=63216, stack(0x0000000011250000,0x00000000112d0000)]
  0x000000000edb3800 JavaThread "Foxtrot Single Worker Thread #1" daemon [_thread_blocked, id=54072, stack(0x0000000022b40000,0x0000000022bc0000)]
  0x000000000e8d6800 JavaThread "Prefs Updater" daemon [_thread_blocked, id=89160, stack(0x0000000018a70000,0x0000000018af0000)]
  0x000000000e8de000 JavaThread "Explorer NavigationContext request queue" [_thread_blocked, id=89612, stack(0x00000000114d0000,0x0000000011550000)]
  0x000000000e8dd000 JavaThread "AddressBar directory emptiness poller" [_thread_blocked, id=86204, stack(0x00000000116a0000,0x0000000011720000)]
  0x000000000e8d7800 JavaThread "Timer-3" [_thread_blocked, id=24408, stack(0x000000005cdb0000,0x000000005ce30000)]
  0x000000000e8d5000 JavaThread "TimerQueue" daemon [_thread_blocked, id=83976, stack(0x0000000054a20000,0x0000000054aa0000)]
  0x000000000e8d4800 JavaThread "Active Reference Queue Daemon" daemon [_thread_blocked, id=24480, stack(0x0000000019000000,0x0000000019080000)]
  0x000000000e8d4000 JavaThread "Timer-2" daemon [_thread_blocked, id=82220, stack(0x000000004c850000,0x000000004c8d0000)]
  0x000000000e8d3000 JavaThread "Timer-1" daemon [_thread_blocked, id=83852, stack(0x0000000029270000,0x00000000292f0000)]
=>0x000000000e8d2800 JavaThread "AWT-EventQueue-0" [_thread_in_native, id=82688, stack(0x000000000d730000,0x000000000d7b0000)]
  0x000000000e8d1800 JavaThread "AWT-Shutdown" [_thread_blocked, id=82732, stack(0x000000000e450000,0x000000000e4d0000)]
  0x000000000e8d1000 JavaThread "FelixPackageAdmin" daemon [_thread_blocked, id=84192, stack(0x000000000ff40000,0x000000000ffc0000)]
  0x000000000e8d0000 JavaThread "FelixStartLevel" daemon [_thread_blocked, id=83040, stack(0x000000000fd50000,0x000000000fdd0000)]
  0x000000000e6a5800 JavaThread "FelixDispatchQueue" daemon [_thread_blocked, id=84000, stack(0x000000000fc60000,0x000000000fce0000)]
  0x000000000dc90000 JavaThread "com.google.common.base.internal.Finalizer" daemon [_thread_blocked, id=83640, stack(0x000000000d690000,0x000000000d710000)]
  0x000000000e665800 JavaThread "AWT-Windows" daemon [_thread_in_native, id=83528, stack(0x000000000f650000,0x000000000f6d0000)]
  0x000000000e664000 JavaThread "Java2D Disposer" daemon [_thread_blocked, id=81964, stack(0x000000000f5d0000,0x000000000f650000)]
  0x000000000ddf6800 JavaThread "Timer-0" [_thread_blocked, id=84232, stack(0x000000000e530000,0x000000000e5b0000)]
  0x000000000e008800 JavaThread "EventMgr Dispatcher" daemon [_thread_in_native, id=84024, stack(0x00000000190b0000,0x000000001d0b0000)]
  0x000000000d41c800 JavaThread "Low Memory Detector" daemon [_thread_blocked, id=84032, stack(0x000000000d7c0000,0x000000000d840000)]
  0x000000000d419000 JavaThread "CompilerThread1" daemon [_thread_blocked, id=82956, stack(0x00000000663c0000,0x000000006a3c0000)]
  0x000000000d40f000 JavaThread "CompilerThread0" daemon [_thread_blocked, id=24516, stack(0x0000000060f50000,0x0000000064f50000)]
  0x000000000d40d800 JavaThread "Attach Listener" daemon [_thread_blocked, id=83868, stack(0x000000000d520000,0x000000000d5a0000)]
  0x000000000d3b4000 JavaThread "Finalizer" daemon [_thread_blocked, id=84632, stack(0x000000000c870000,0x000000000c8f0000)]
  0x000000000d3b3800 JavaThread "Reference Handler" daemon [_thread_blocked, id=84156, stack(0x000000000d610000,0x000000000d690000)]
  0x0000000005230800 JavaThread "main" [_thread_in_native, id=84348, stack(0x0000000000100000,0x0000000004100000)]

Other Threads:
  0x00000000052ef000 VMThread [stack: 0x000000005cf10000,0x0000000060f10000] [id=83096]
  0x000000000d450800 WatcherThread [stack: 0x0000000080000000,0x0000000084000000] [id=6312]

VM state:not at safepoint (normal execution)

VM Mutex/Monitor currently owned by a thread: None

Heap
 PSYoungGen      total 49984K, used 37883K [0x00000000496e0000, 0x000000004c7e0000, 0x000000004c7e0000)
  eden space 49792K, 75% used [0x00000000496e0000,0x000000004bbbee58,0x000000004c780000)
  from space 192K, 66% used [0x000000004c780000,0x000000004c7a0000,0x000000004c7b0000)
  to   space 192K, 0% used [0x000000004c7b0000,0x000000004c7b0000,0x000000004c7e0000)
 PSOldGen        total 79488K, used 68673K [0x00000000403e0000, 0x0000000045180000, 0x00000000496e0000)
  object space 79488K, 86% used [0x00000000403e0000,0x00000000446f05b0,0x0000000045180000)
 PSPermGen       total 115072K, used 61891K [0x00000000383e0000, 0x000000003f440000, 0x00000000403e0000)
  object space 115072K, 53% used [0x00000000383e0000,0x000000003c050d68,0x000000003f440000)

Dynamic libraries:
0x000000013f940000 - 0x000000013f972000 	C:\Program Files\MATLAB\R2012a\bin\win64\MATLAB.exe
0x00000000774a0000 - 0x0000000077649000 	C:\Windows\SYSTEM32\ntdll.dll
0x0000000077200000 - 0x000000007731f000 	C:\Windows\system32\kernel32.dll
0x000007fefd750000 - 0x000007fefd7bc000 	C:\Windows\system32\KERNELBASE.dll
0x0000000074460000 - 0x0000000074554000 	C:\Program Files\MATLAB\R2012a\bin\win64\libut.dll
0x00000000758a0000 - 0x0000000075952000 	C:\Program Files\MATLAB\R2012a\bin\win64\libmwi18n.dll
0x0000000180000000 - 0x000000018000b000 	C:\Program Files\MATLAB\R2012a\bin\win64\libmwresource_core.dll
0x0000000073050000 - 0x0000000073123000 	C:\Windows\WinSxS\amd64_microsoft.vc90.crt_1fc8b3b9a1e18e3b_9.0.30729.6161_none_08e61857a83bc251\MSVCP90.dll
0x0000000073620000 - 0x00000000736c3000 	C:\Windows\WinSxS\amd64_microsoft.vc90.crt_1fc8b3b9a1e18e3b_9.0.30729.6161_none_08e61857a83bc251\MSVCR90.dll
0x000000007a170000 - 0x000000007a19c000 	C:\Program Files\MATLAB\R2012a\bin\win64\boost_filesystem-vc90-mt-1_44.dll
0x000000007a560000 - 0x000000007a569000 	C:\Program Files\MATLAB\R2012a\bin\win64\boost_system-vc90-mt-1_44.dll
0x000007fefdac0000 - 0x000007fefdb9b000 	C:\Windows\system32\ADVAPI32.dll
0x000007fefde10000 - 0x000007fefdeaf000 	C:\Windows\system32\msvcrt.dll
0x000007fefe030000 - 0x000007fefe04f000 	C:\Windows\SYSTEM32\sechost.dll
0x000007fefdce0000 - 0x000007fefde0d000 	C:\Windows\system32\RPCRT4.dll
0x000000007a010000 - 0x000000007a035000 	C:\Program Files\MATLAB\R2012a\bin\win64\LIBEXPAT.dll
0x0000000070160000 - 0x0000000070351000 	C:\Program Files\MATLAB\R2012a\bin\win64\icuin44.dll
0x00000000715f0000 - 0x0000000071761000 	C:\Program Files\MATLAB\R2012a\bin\win64\icuuc44.dll
0x0000000010000000 - 0x0000000010e41000 	C:\Program Files\MATLAB\R2012a\bin\win64\icudt44.dll
0x0000000073f70000 - 0x00000000740ad000 	C:\Program Files\MATLAB\R2012a\bin\win64\libmwfl.dll
0x0000000004250000 - 0x0000000004546000 	C:\Program Files\MATLAB\R2012a\bin\win64\libmwMATLAB_res.dll
0x000000007a3b0000 - 0x000000007a3c0000 	C:\Program Files\MATLAB\R2012a\bin\win64\boost_date_time-vc90-mt-1_44.dll
0x000000007a250000 - 0x000000007a263000 	C:\Program Files\MATLAB\R2012a\bin\win64\boost_signals-vc90-mt-1_44.dll
0x000000007a2d0000 - 0x000000007a2e2000 	C:\Program Files\MATLAB\R2012a\bin\win64\boost_thread-vc90-mt-1_44.dll
0x0000000004590000 - 0x00000000045d6000 	C:\Program Files\MATLAB\R2012a\bin\win64\tbb.dll
0x000007fefdcc0000 - 0x000007fefdcd9000 	C:\Windows\system32\imagehlp.dll
0x0000000077660000 - 0x0000000077667000 	C:\Windows\system32\PSAPI.DLL
0x00000000725f0000 - 0x0000000072603000 	C:\Program Files\MATLAB\R2012a\bin\win64\icuio44.dll
0x000007fefae90000 - 0x000007fefafb5000 	C:\Windows\system32\dbghelp.dll
0x00000000773a0000 - 0x000000007749a000 	C:\Windows\system32\USER32.dll
0x000007fefe570000 - 0x000007fefe5d7000 	C:\Windows\system32\GDI32.dll
0x000007fefd8a0000 - 0x000007fefd8ae000 	C:\Windows\system32\LPK.dll
0x000007fefdbf0000 - 0x000007fefdcb9000 	C:\Windows\system32\USP10.dll
0x000000007bed0000 - 0x000000007c183000 	C:\Program Files\MATLAB\R2012a\bin\win64\libmwservices.dll
0x0000000075a20000 - 0x0000000075ae2000 	C:\Program Files\MATLAB\R2012a\bin\win64\libmx.dll
0x000000007a210000 - 0x000000007a228000 	C:\Program Files\MATLAB\R2012a\bin\win64\zlib1.dll
0x0000000004630000 - 0x0000000004651000 	C:\Program Files\MATLAB\R2012a\bin\win64\libmwmfl_scalar.dll
0x0000000075f10000 - 0x0000000075f5d000 	C:\Program Files\MATLAB\R2012a\bin\win64\mpath.dll
0x000000007b680000 - 0x000000007bbe1000 	C:\Program Files\MATLAB\R2012a\bin\win64\mlutil.dll
0x0000000072410000 - 0x000000007248f000 	C:\Program Files\MATLAB\R2012a\bin\win64\xmlcore.dll
0x000000007bc30000 - 0x000000007be83000 	C:\Program Files\MATLAB\R2012a\bin\win64\xerces-c_2_7.dll
0x000007fefdba0000 - 0x000007fefdbed000 	C:\Windows\system32\WS2_32.dll
0x000007fefe860000 - 0x000007fefe868000 	C:\Windows\system32\NSI.dll
0x00000000046b0000 - 0x00000000046ca000 	C:\Program Files\MATLAB\R2012a\bin\win64\libmwMATLAB_settings_res.dll
0x00000000046e0000 - 0x0000000004727000 	C:\Program Files\MATLAB\R2012a\bin\win64\boost_serialization-vc90-mt-1_44.dll
0x000007fefe9a0000 - 0x000007feff728000 	C:\Windows\system32\SHELL32.dll
0x000007feff730000 - 0x000007feff7a1000 	C:\Windows\system32\SHLWAPI.dll
0x000007fef78e0000 - 0x000007fef7980000 	C:\Windows\WinSxS\amd64_microsoft.windows.common-controls_6595b64144ccf1df_5.82.7601.17514_none_a4d6a923711520a9\COMCTL32.dll
0x000007fefe4d0000 - 0x000007fefe567000 	C:\Windows\system32\COMDLG32.dll
0x000007fefae00000 - 0x000007fefae16000 	C:\Windows\system32\NETAPI32.dll
0x000007fefc930000 - 0x000007fefc93c000 	C:\Windows\system32\netutils.dll
0x000007fefcf80000 - 0x000007fefcfa3000 	C:\Windows\system32\srvcli.dll
0x000007fefad70000 - 0x000007fefad85000 	C:\Windows\system32\wkscli.dll
0x000007fefd8b0000 - 0x000007fefdab3000 	C:\Windows\system32\ole32.dll
0x000007fefe190000 - 0x000007fefe267000 	C:\Windows\system32\OLEAUT32.dll
0x0000000074970000 - 0x0000000074b06000 	C:\Program Files\MATLAB\R2012a\bin\win64\mcr.dll
0x0000000075000000 - 0x000000007536b000 	C:\Program Files\MATLAB\R2012a\bin\win64\iqm.dll
0x000000006d4e0000 - 0x000000006dd01000 	C:\Program Files\MATLAB\R2012a\bin\win64\m_interpreter.dll
0x00000000725c0000 - 0x00000000725e5000 	C:\Program Files\MATLAB\R2012a\bin\win64\libmex.dll
0x0000000070dc0000 - 0x0000000070e73000 	C:\Program Files\MATLAB\R2012a\bin\win64\m_dispatcher.dll
0x0000000074880000 - 0x000000007496d000 	C:\Program Files\MATLAB\R2012a\bin\win64\boost_regex-vc90-mt-1_44.dll
0x00000000704d0000 - 0x0000000070554000 	C:\Program Files\MATLAB\R2012a\bin\win64\profiler.dll
0x00000000047b0000 - 0x0000000004a05000 	C:\Program Files\MATLAB\R2012a\bin\win64\libmwmathutil.dll
0x0000000079f40000 - 0x0000000079f6d000 	C:\Program Files\MATLAB\R2012a\bin\win64\libmwmathrng.dll
0x0000000074c10000 - 0x0000000074ced000 	C:\Program Files\MATLAB\R2012a\bin\win64\libmwmathcore.dll
0x0000000076160000 - 0x00000000761cb000 	C:\Program Files\MATLAB\R2012a\bin\win64\libmwspmatrix.dll
0x0000000075ea0000 - 0x0000000075f02000 	C:\Program Files\MATLAB\R2012a\bin\win64\libmwcholmod.dll
0x000000007a460000 - 0x000000007a46d000 	C:\Program Files\MATLAB\R2012a\bin\win64\libmwamd.dll
0x000000007a4b0000 - 0x000000007a4bc000 	C:\Program Files\MATLAB\R2012a\bin\win64\libmwcolamd.dll
0x00000000725a0000 - 0x00000000725b9000 	C:\Program Files\MATLAB\R2012a\bin\win64\libmwblas.dll
0x0000000071c90000 - 0x0000000071ca2000 	C:\Program Files\MATLAB\R2012a\bin\win64\libmwbinder.dll
0x0000000072650000 - 0x000000007265b000 	C:\Program Files\MATLAB\R2012a\bin\win64\libmwompwrapper.dll
0x0000000070440000 - 0x00000000704c6000 	C:\Program Files\MATLAB\R2012a\bin\win64\libmwlapack.dll
0x0000000071c60000 - 0x0000000071c81000 	C:\Program Files\MATLAB\R2012a\bin\win64\m_pcodeio.dll
0x0000000079b10000 - 0x0000000079b77000 	C:\Program Files\MATLAB\R2012a\bin\win64\m_ir.dll
0x000000006c880000 - 0x000000006ced0000 	C:\Program Files\MATLAB\R2012a\bin\win64\m_parser.dll
0x0000000071c40000 - 0x0000000071c5a000 	C:\Program Files\MATLAB\R2012a\bin\win64\ir_xfmr.dll
0x000000006d260000 - 0x000000006d4d9000 	C:\Program Files\MATLAB\R2012a\bin\win64\mcos.dll
0x0000000072590000 - 0x000000007259c000 	C:\Program Files\MATLAB\R2012a\bin\win64\mtok.dll
0x0000000070400000 - 0x0000000070431000 	C:\Program Files\MATLAB\R2012a\bin\win64\m_pcodegen.dll
0x0000000079fb0000 - 0x0000000079fe7000 	C:\Program Files\MATLAB\R2012a\bin\win64\libmwbridge.dll
0x000000006e280000 - 0x000000006e348000 	C:\Program Files\MATLAB\R2012a\bin\win64\udd.dll
0x000000006c720000 - 0x000000006c872000 	C:\Program Files\MATLAB\R2012a\bin\win64\libmwgui.dll
0x00000000715d0000 - 0x00000000715e7000 	C:\Program Files\MATLAB\R2012a\bin\win64\graphics_util.dll
0x00000000658b0000 - 0x0000000066253000 	C:\Program Files\MATLAB\R2012a\bin\win64\hg.dll
0x0000000004b80000 - 0x0000000004be7000 	C:\Program Files\MATLAB\R2012a\bin\win64\libmat.dll
0x0000000072d30000 - 0x0000000072f44000 	C:\Program Files\MATLAB\R2012a\bin\win64\hdf5dll.dll
0x0000000075710000 - 0x00000000757c1000 	C:\Program Files\MATLAB\R2012a\bin\win64\jmi.dll
0x0000000004c20000 - 0x0000000004c2e000 	C:\Program Files\MATLAB\R2012a\bin\win64\nativejava_services.dll
0x00000000703b0000 - 0x00000000703f2000 	C:\Program Files\MATLAB\R2012a\bin\win64\libmwhardcopy.dll
0x0000000070100000 - 0x000000007015a000 	C:\Program Files\MATLAB\R2012a\bin\win64\libuij.dll
0x000000006c510000 - 0x000000006c71c000 	C:\Program Files\MATLAB\R2012a\bin\win64\hgdatatypes.dll
0x000000006c410000 - 0x000000006c50d000 	C:\Program Files\MATLAB\R2012a\bin\win64\hgutils.dll
0x000000006d1a0000 - 0x000000006d25d000 	C:\Program Files\MATLAB\R2012a\bin\win64\udd_mi.dll
0x0000000004c90000 - 0x0000000004ccb000 	C:\Program Files\MATLAB\R2012a\bin\win64\libmwgbtutils.dll
0x0000000004ce0000 - 0x0000000004cf9000 	C:\Program Files\MATLAB\R2012a\bin\win64\libmwgbt.dll
0x0000000004d10000 - 0x0000000004fda000 	C:\Program Files\MATLAB\R2012a\bin\win64\uiw.dll
0x0000000072400000 - 0x000000007240f000 	C:\Program Files\MATLAB\R2012a\bin\win64\uinone.dll
0x000007fefa510000 - 0x000007fefa528000 	C:\Windows\system32\MPR.dll
0x0000000072810000 - 0x0000000072cf4000 	C:\Windows\WinSxS\amd64_microsoft.vc90.mfc_1fc8b3b9a1e18e3b_9.0.30729.6161_none_044aad0bab1eb146\mfc90.dll
0x000007fef78d0000 - 0x000007fef78d7000 	C:\Windows\system32\MSIMG32.dll
0x000007fef7840000 - 0x000007fef78b1000 	C:\Windows\system32\WINSPOOL.DRV
0x0000000070390000 - 0x00000000703b0000 	C:\Program Files\MATLAB\R2012a\bin\win64\mwoles05.DLL
0x000000006c390000 - 0x000000006c40c000 	C:\Program Files\MATLAB\R2012a\bin\win64\comcli.dll
0x0000000005020000 - 0x000000000504f000 	C:\Windows\WinSxS\amd64_microsoft.vc90.atl_1fc8b3b9a1e18e3b_9.0.30729.6161_none_0a1fd3a3a768b895\ATL90.DLL
0x0000000071c30000 - 0x0000000071c3c000 	C:\Program Files\MATLAB\R2012a\bin\win64\mlautoregister.dll
0x0000000005060000 - 0x0000000005070000 	C:\Program Files\MATLAB\R2012a\bin\win64\boost_iostreams-vc90-mt-1_44.dll
0x000007fefe160000 - 0x000007fefe18e000 	C:\Windows\system32\IMM32.DLL
0x000007fefe050000 - 0x000007fefe159000 	C:\Windows\system32\MSCTF.dll
0x00000000052f0000 - 0x000000000533c000 	C:\Windows\system32\AMINIT64.DLL
0x000007fefbea0000 - 0x000007fefbef6000 	C:\Windows\system32\UxTheme.dll
0x000007fefb940000 - 0x000007fefb958000 	C:\Windows\system32\dwmapi.dll
0x0000000073040000 - 0x000000007304d000 	C:\Windows\WinSxS\amd64_microsoft.vc90.mfcloc_1fc8b3b9a1e18e3b_9.0.30729.6161_none_01c9581e60cbee58\MFC90ENU.DLL
0x0000000005360000 - 0x0000000005389000 	C:\Program Files\MATLAB\R2012a\bin\win64\tbbmalloc.dll
0x000007fefd470000 - 0x000007fefd47f000 	C:\Windows\system32\profapi.dll
0x000007fefb6c0000 - 0x000007fefb6cf000 	C:\Program Files\MATLAB\R2012a\bin\win64\xmlxrcsc.dll
0x000007fefd3a0000 - 0x000007fefd3af000 	C:\Windows\system32\CRYPTBASE.dll
0x000007fefbf00000 - 0x000007fefc0f4000 	C:\Windows\WinSxS\amd64_microsoft.windows.common-controls_6595b64144ccf1df_6.0.7601.17514_none_fa396087175ac9ac\comctl32.dll
0x000007fefe680000 - 0x000007fefe857000 	C:\Windows\system32\SETUPAPI.dll
0x000007fefd7c0000 - 0x000007fefd7f6000 	C:\Windows\system32\CFGMGR32.dll
0x000007fefd730000 - 0x000007fefd74a000 	C:\Windows\system32\DEVOBJ.dll
0x000007fefe5e0000 - 0x000007fefe679000 	C:\Windows\system32\CLBCatQ.DLL
0x000007fefb960000 - 0x000007fefba8c000 	C:\Windows\system32\propsys.dll
0x000007fefc590000 - 0x000007fefc5bd000 	C:\Windows\system32\ntmarta.dll
0x000007fefd840000 - 0x000007fefd892000 	C:\Windows\system32\WLDAP32.dll
0x0000000078870000 - 0x0000000078ecd000 	C:\Program Files\MATLAB\R2012a\sys\java\jre\win64\jre\bin\server\jvm.dll
0x000007fefb5d0000 - 0x000007fefb60b000 	C:\Windows\system32\WINMM.dll
0x0000000070380000 - 0x0000000070383000 	C:\Windows\system32\icmp.Dll

VM Arguments:
jvm_args: -Xss512k -XX:PermSize=32m -Xms64m -XX:NewRatio=3 -XX:MaxPermSize=128m -Xmx196m -XX:MaxDirectMemorySize=2147400000 -Dsun.java2d.noddraw=true -Dsun.awt.nopixfmt=true -Xshare:off -Xrs -Dsun.awt.disableMixing=true -Djava.library.path=C:\Program Files\MATLAB\R2012a\bin\win64 vfprintf abort 
java_command: <unknown>
Launcher Type: generic

Environment Variables:
PATH=C:\Program Files (x86)\TIBCO\splus82\;C:\Windows\system32;C:\Windows;C:\Windows\System32\Wbem;C:\Windows\System32\WindowsPowerShell\v1.0\;C:\Condor\bin;C:\Program Files\MATLAB\R2012a\runtime\win64;C:\Program Files\MATLAB\R2012a\bin;C:\Program Files\SAS\9.3\Secure;C:\Program Files\SAS\9.3\x86\Secure;C:\Program Files (x86)\MiKTeX 2.9\miktex\bin\;C:\Program Files\WinMagic\SecureDoc-NT\
USERNAME=lzhang9
OS=Windows_NT
PROCESSOR_IDENTIFIER=Intel64 Family 6 Model 37 Stepping 2, GenuineIntel



---------------  S Y S T E M  ---------------

OS: Windows 7 Build 7601 Service Pack 1

CPU:total 4 (8 cores per cpu, 2 threads per core) family 6 model 37 stepping 2, cmov, cx8, fxsr, mmx, sse, sse2, sse3, ssse3, sse4.1, sse4.2, ht

Memory: 4k page, physical 3987856k(1473056k free), swap 7973860k(4254700k free)

vm_info: Java HotSpot(TM) 64-Bit Server VM (14.3-b01) for windows-amd64 JRE (1.6.0_17-b04), built on Oct 11 2009 00:46:08 by "java_re" with MS VC++ 8.0

time: Fri Feb 08 13:33:17 2013
elapsed time: 148263 seconds

